...found 1 target...
...found 13 targets...
...updating 1 target...
gcc.compile.c++ bin.v2\standalone\ac\gcc-8.1.0\debug\address-model-32\threading-multi\visibility-hidden\zlib_h.o
...updated 1 target...
...found 5 targets...
...updating 1 target...
gcc.link bin.v2\standalone\ac\gcc-8.1.0\debug\address-model-32\threading-multi\visibility-hidden\z.exe
C:/Program Files (x86)/CodeBlocks/MinGW/bin/../lib/gcc/x86_64-w64-mingw32/8.1.0/../../../../x86_64-w64-mingw32/bin/ld.exe: skipping incompatible C:/Program Files (x86)/CodeBlocks/MinGW/bin/../lib/gcc/x86_64-w64-mingw32/8.1.0/../../../../x86_64-w64-mingw32/lib/libz.a when searching for -lz
C:/Program Files (x86)/CodeBlocks/MinGW/bin/../lib/gcc/x86_64-w64-mingw32/8.1.0/../../../../x86_64-w64-mingw32/bin/ld.exe: skipping incompatible C:/Program Files (x86)/CodeBlocks/MinGW/bin/../lib/gcc/x86_64-w64-mingw32/8.1.0/../../../../x86_64-w64-mingw32/lib\libz.a when searching for -lz
C:/Program Files (x86)/CodeBlocks/MinGW/bin/../lib/gcc/x86_64-w64-mingw32/8.1.0/../../../../x86_64-w64-mingw32/bin/ld.exe: skipping incompatible C:/Program Files (x86)/CodeBlocks/MinGW/bin/../lib/gcc/x86_64-w64-mingw32/8.1.0/../../../../x86_64-w64-mingw32/lib/libz.a when searching for -lz
C:/Program Files (x86)/CodeBlocks/MinGW/bin/../lib/gcc/x86_64-w64-mingw32/8.1.0/../../../../x86_64-w64-mingw32/bin/ld.exe: cannot find -lz
collect2.exe: error: ld returned 1 exit status

    "g++"    -o "bin.v2\standalone\ac\gcc-8.1.0\debug\address-model-32\threading-multi\visibility-hidden\z.exe" -Wl,--start-group "bin.v2\standalone\ac\gcc-8.1.0\debug\address-model-32\threading-multi\visibility-hidden\main-z.o"  -Wl,-Bstatic  -Wl,-Bdynamic -lz -Wl,--end-group -m32 -mthreads -g -fvisibility=hidden -fvisibility-inlines-hidden -march=i686 

...failed gcc.link bin.v2\standalone\ac\gcc-8.1.0\debug\address-model-32\threading-multi\visibility-hidden\z.exe...
...failed updating 1 target...
...found 5 targets...
...updating 1 target...
gcc.link bin.v2\standalone\ac\gcc-8.1.0\debug\address-model-32\threading-multi\visibility-hidden\zlib.exe
C:/Program Files (x86)/CodeBlocks/MinGW/bin/../lib/gcc/x86_64-w64-mingw32/8.1.0/../../../../x86_64-w64-mingw32/bin/ld.exe: cannot find -lzlib
collect2.exe: error: ld returned 1 exit status

    "g++"    -o "bin.v2\standalone\ac\gcc-8.1.0\debug\address-model-32\threading-multi\visibility-hidden\zlib.exe" -Wl,--start-group "bin.v2\standalone\ac\gcc-8.1.0\debug\address-model-32\threading-multi\visibility-hidden\main-zlib.o"  -Wl,-Bstatic  -Wl,-Bdynamic -lzlib -Wl,--end-group -m32 -mthreads -g -fvisibility=hidden -fvisibility-inlines-hidden -march=i686 

...failed gcc.link bin.v2\standalone\ac\gcc-8.1.0\debug\address-model-32\threading-multi\visibility-hidden\zlib.exe...
...failed updating 1 target...
...found 5 targets...
...updating 1 target...
gcc.link bin.v2\standalone\ac\gcc-8.1.0\debug\address-model-32\threading-multi\visibility-hidden\zll.exe
C:/Program Files (x86)/CodeBlocks/MinGW/bin/../lib/gcc/x86_64-w64-mingw32/8.1.0/../../../../x86_64-w64-mingw32/bin/ld.exe: cannot find -lzll
collect2.exe: error: ld returned 1 exit status

    "g++"    -o "bin.v2\standalone\ac\gcc-8.1.0\debug\address-model-32\threading-multi\visibility-hidden\zll.exe" -Wl,--start-group "bin.v2\standalone\ac\gcc-8.1.0\debug\address-model-32\threading-multi\visibility-hidden\main-zll.o"  -Wl,-Bstatic  -Wl,-Bdynamic -lzll -Wl,--end-group -m32 -mthreads -g -fvisibility=hidden -fvisibility-inlines-hidden -march=i686 

...failed gcc.link bin.v2\standalone\ac\gcc-8.1.0\debug\address-model-32\threading-multi\visibility-hidden\zll.exe...
...failed updating 1 target...
...found 5 targets...
...updating 1 target...
gcc.link bin.v2\standalone\ac\gcc-8.1.0\debug\address-model-32\threading-multi\visibility-hidden\zdll.exe
C:/Program Files (x86)/CodeBlocks/MinGW/bin/../lib/gcc/x86_64-w64-mingw32/8.1.0/../../../../x86_64-w64-mingw32/bin/ld.exe: cannot find -lzdll
collect2.exe: error: ld returned 1 exit status

    "g++"    -o "bin.v2\standalone\ac\gcc-8.1.0\debug\address-model-32\threading-multi\visibility-hidden\zdll.exe" -Wl,--start-group "bin.v2\standalone\ac\gcc-8.1.0\debug\address-model-32\threading-multi\visibility-hidden\main-zdll.o"  -Wl,-Bstatic  -Wl,-Bdynamic -lzdll -Wl,--end-group -m32 -mthreads -g -fvisibility=hidden -fvisibility-inlines-hidden -march=i686 

...failed gcc.link bin.v2\standalone\ac\gcc-8.1.0\debug\address-model-32\threading-multi\visibility-hidden\zdll.exe...
...failed updating 1 target...
...found 5 targets...
...updating 1 target...
gcc.link bin.v2\standalone\ac\gcc-8.1.0\debug\address-model-32\link-static\threading-multi\visibility-hidden\z.exe
C:/Program Files (x86)/CodeBlocks/MinGW/bin/../lib/gcc/x86_64-w64-mingw32/8.1.0/../../../../x86_64-w64-mingw32/bin/ld.exe: skipping incompatible C:/Program Files (x86)/CodeBlocks/MinGW/bin/../lib/gcc/x86_64-w64-mingw32/8.1.0/../../../../x86_64-w64-mingw32/lib\libz.a when searching for -lz
C:/Program Files (x86)/CodeBlocks/MinGW/bin/../lib/gcc/x86_64-w64-mingw32/8.1.0/../../../../x86_64-w64-mingw32/bin/ld.exe: cannot find -lz
collect2.exe: error: ld returned 1 exit status

    "g++"    -o "bin.v2\standalone\ac\gcc-8.1.0\debug\address-model-32\link-static\threading-multi\visibility-hidden\z.exe" -Wl,--start-group "bin.v2\standalone\ac\gcc-8.1.0\debug\address-model-32\link-static\threading-multi\visibility-hidden\main-z.o"  -Wl,-Bstatic -lz -Wl,-Bdynamic  -Wl,--end-group -m32 -mthreads -g -fvisibility=hidden -fvisibility-inlines-hidden -march=i686 

...failed gcc.link bin.v2\standalone\ac\gcc-8.1.0\debug\address-model-32\link-static\threading-multi\visibility-hidden\z.exe...
...failed updating 1 target...
...found 2 targets...
...updating 1 target...
gcc.link bin.v2\standalone\ac\gcc-8.1.0\debug\address-model-32\link-static\threading-multi\visibility-hidden\zlib.exe
C:/Program Files (x86)/CodeBlocks/MinGW/bin/../lib/gcc/x86_64-w64-mingw32/8.1.0/../../../../x86_64-w64-mingw32/bin/ld.exe: cannot find -lzlib
collect2.exe: error: ld returned 1 exit status

    "g++"    -o "bin.v2\standalone\ac\gcc-8.1.0\debug\address-model-32\link-static\threading-multi\visibility-hidden\zlib.exe" -Wl,--start-group "bin.v2\standalone\ac\gcc-8.1.0\debug\address-model-32\link-static\threading-multi\visibility-hidden\main-zlib.o"  -Wl,-Bstatic -lzlib -Wl,-Bdynamic  -Wl,--end-group -m32 -mthreads -g -fvisibility=hidden -fvisibility-inlines-hidden -march=i686 

...failed gcc.link bin.v2\standalone\ac\gcc-8.1.0\debug\address-model-32\link-static\threading-multi\visibility-hidden\zlib.exe...
...failed updating 1 target...
...found 2 targets...
...updating 1 target...
gcc.link bin.v2\standalone\ac\gcc-8.1.0\debug\address-model-32\link-static\threading-multi\visibility-hidden\zll.exe
C:/Program Files (x86)/CodeBlocks/MinGW/bin/../lib/gcc/x86_64-w64-mingw32/8.1.0/../../../../x86_64-w64-mingw32/bin/ld.exe: cannot find -lzll
collect2.exe: error: ld returned 1 exit status

    "g++"    -o "bin.v2\standalone\ac\gcc-8.1.0\debug\address-model-32\link-static\threading-multi\visibility-hidden\zll.exe" -Wl,--start-group "bin.v2\standalone\ac\gcc-8.1.0\debug\address-model-32\link-static\threading-multi\visibility-hidden\main-zll.o"  -Wl,-Bstatic -lzll -Wl,-Bdynamic  -Wl,--end-group -m32 -mthreads -g -fvisibility=hidden -fvisibility-inlines-hidden -march=i686 

...failed gcc.link bin.v2\standalone\ac\gcc-8.1.0\debug\address-model-32\link-static\threading-multi\visibility-hidden\zll.exe...
...failed updating 1 target...
...found 2 targets...
...updating 1 target...
gcc.link bin.v2\standalone\ac\gcc-8.1.0\debug\address-model-32\link-static\threading-multi\visibility-hidden\zdll.exe
C:/Program Files (x86)/CodeBlocks/MinGW/bin/../lib/gcc/x86_64-w64-mingw32/8.1.0/../../../../x86_64-w64-mingw32/bin/ld.exe: cannot find -lzdll
collect2.exe: error: ld returned 1 exit status

    "g++"    -o "bin.v2\standalone\ac\gcc-8.1.0\debug\address-model-32\link-static\threading-multi\visibility-hidden\zdll.exe" -Wl,--start-group "bin.v2\standalone\ac\gcc-8.1.0\debug\address-model-32\link-static\threading-multi\visibility-hidden\main-zdll.o"  -Wl,-Bstatic -lzdll -Wl,-Bdynamic  -Wl,--end-group -m32 -mthreads -g -fvisibility=hidden -fvisibility-inlines-hidden -march=i686 

...failed gcc.link bin.v2\standalone\ac\gcc-8.1.0\debug\address-model-32\link-static\threading-multi\visibility-hidden\zdll.exe...
...failed updating 1 target...
...found 5 targets...
...updating 1 target...
gcc.compile.c++ bin.v2\standalone\ac\gcc-8.1.0\debug\address-model-32\threading-multi\visibility-hidden\bzlib_h.o
bin.v2\standalone\ac\bzlib_h.cpp:1:10: fatal error: bzlib.h: No such file or directory
 #include <bzlib.h>
          ^~~~~~~~~
compilation terminated.

    "g++"   -fvisibility-inlines-hidden -m32 -mthreads -O0 -fno-inline -Wall -g -fvisibility=hidden -march=i686     -c -o "bin.v2\standalone\ac\gcc-8.1.0\debug\address-model-32\threading-multi\visibility-hidden\bzlib_h.o" "bin.v2\standalone\ac\bzlib_h.cpp"

...failed gcc.compile.c++ bin.v2\standalone\ac\gcc-8.1.0\debug\address-model-32\threading-multi\visibility-hidden\bzlib_h.o...
...failed updating 1 target...
...found 5 targets...
...updating 1 target...
gcc.link bin.v2\standalone\ac\gcc-8.1.0\debug\address-model-32\threading-multi\visibility-hidden\bz2.exe
C:/Program Files (x86)/CodeBlocks/MinGW/bin/../lib/gcc/x86_64-w64-mingw32/8.1.0/../../../../x86_64-w64-mingw32/bin/ld.exe: cannot find -lbz2
collect2.exe: error: ld returned 1 exit status

    "g++"    -o "bin.v2\standalone\ac\gcc-8.1.0\debug\address-model-32\threading-multi\visibility-hidden\bz2.exe" -Wl,--start-group "bin.v2\standalone\ac\gcc-8.1.0\debug\address-model-32\threading-multi\visibility-hidden\main-bz2.o"  -Wl,-Bstatic  -Wl,-Bdynamic -lbz2 -Wl,--end-group -m32 -mthreads -g -fvisibility=hidden -fvisibility-inlines-hidden -march=i686 

...failed gcc.link bin.v2\standalone\ac\gcc-8.1.0\debug\address-model-32\threading-multi\visibility-hidden\bz2.exe...
...failed updating 1 target...
...found 2 targets...
...updating 1 target...
gcc.link bin.v2\standalone\ac\gcc-8.1.0\debug\address-model-32\link-static\threading-multi\visibility-hidden\bz2.exe
C:/Program Files (x86)/CodeBlocks/MinGW/bin/../lib/gcc/x86_64-w64-mingw32/8.1.0/../../../../x86_64-w64-mingw32/bin/ld.exe: cannot find -lbz2
collect2.exe: error: ld returned 1 exit status

    "g++"    -o "bin.v2\standalone\ac\gcc-8.1.0\debug\address-model-32\link-static\threading-multi\visibility-hidden\bz2.exe" -Wl,--start-group "bin.v2\standalone\ac\gcc-8.1.0\debug\address-model-32\link-static\threading-multi\visibility-hidden\main-bz2.o"  -Wl,-Bstatic -lbz2 -Wl,-Bdynamic  -Wl,--end-group -m32 -mthreads -g -fvisibility=hidden -fvisibility-inlines-hidden -march=i686 

...failed gcc.link bin.v2\standalone\ac\gcc-8.1.0\debug\address-model-32\link-static\threading-multi\visibility-hidden\bz2.exe...
...failed updating 1 target...
...found 5 targets...
...updating 1 target...
gcc.compile.c++ bin.v2\standalone\ac\gcc-8.1.0\debug\address-model-32\threading-multi\visibility-hidden\zstd_h.o
bin.v2\standalone\ac\zstd_h.cpp:1:10: fatal error: zstd.h: No such file or directory
 #include <zstd.h>
          ^~~~~~~~
compilation terminated.

    "g++"   -fvisibility-inlines-hidden -m32 -mthreads -O0 -fno-inline -Wall -g -fvisibility=hidden -march=i686     -c -o "bin.v2\standalone\ac\gcc-8.1.0\debug\address-model-32\threading-multi\visibility-hidden\zstd_h.o" "bin.v2\standalone\ac\zstd_h.cpp"

...failed gcc.compile.c++ bin.v2\standalone\ac\gcc-8.1.0\debug\address-model-32\threading-multi\visibility-hidden\zstd_h.o...
...failed updating 1 target...
...found 5 targets...
...updating 1 target...
gcc.link bin.v2\standalone\ac\gcc-8.1.0\debug\address-model-32\threading-multi\visibility-hidden\zstd.exe
C:/Program Files (x86)/CodeBlocks/MinGW/bin/../lib/gcc/x86_64-w64-mingw32/8.1.0/../../../../x86_64-w64-mingw32/bin/ld.exe: cannot find -lzstd
collect2.exe: error: ld returned 1 exit status

    "g++"    -o "bin.v2\standalone\ac\gcc-8.1.0\debug\address-model-32\threading-multi\visibility-hidden\zstd.exe" -Wl,--start-group "bin.v2\standalone\ac\gcc-8.1.0\debug\address-model-32\threading-multi\visibility-hidden\main-zstd.o"  -Wl,-Bstatic  -Wl,-Bdynamic -lzstd -Wl,--end-group -m32 -mthreads -g -fvisibility=hidden -fvisibility-inlines-hidden -march=i686 

...failed gcc.link bin.v2\standalone\ac\gcc-8.1.0\debug\address-model-32\threading-multi\visibility-hidden\zstd.exe...
...failed updating 1 target...
...found 5 targets...
...updating 1 target...
gcc.link bin.v2\standalone\ac\gcc-8.1.0\debug\address-model-32\threading-multi\visibility-hidden\zstd_static.exe
C:/Program Files (x86)/CodeBlocks/MinGW/bin/../lib/gcc/x86_64-w64-mingw32/8.1.0/../../../../x86_64-w64-mingw32/bin/ld.exe: cannot find -lzstd_static
collect2.exe: error: ld returned 1 exit status

    "g++"    -o "bin.v2\standalone\ac\gcc-8.1.0\debug\address-model-32\threading-multi\visibility-hidden\zstd_static.exe" -Wl,--start-group "bin.v2\standalone\ac\gcc-8.1.0\debug\address-model-32\threading-multi\visibility-hidden\main-zstd_static.o"  -Wl,-Bstatic  -Wl,-Bdynamic -lzstd_static -Wl,--end-group -m32 -mthreads -g -fvisibility=hidden -fvisibility-inlines-hidden -march=i686 

...failed gcc.link bin.v2\standalone\ac\gcc-8.1.0\debug\address-model-32\threading-multi\visibility-hidden\zstd_static.exe...
...failed updating 1 target...
...found 5 targets...
...updating 1 target...
gcc.link bin.v2\standalone\ac\gcc-8.1.0\debug\address-model-32\threading-multi\visibility-hidden\libzstd.exe
C:/Program Files (x86)/CodeBlocks/MinGW/bin/../lib/gcc/x86_64-w64-mingw32/8.1.0/../../../../x86_64-w64-mingw32/bin/ld.exe: cannot find -llibzstd
collect2.exe: error: ld returned 1 exit status

    "g++"    -o "bin.v2\standalone\ac\gcc-8.1.0\debug\address-model-32\threading-multi\visibility-hidden\libzstd.exe" -Wl,--start-group "bin.v2\standalone\ac\gcc-8.1.0\debug\address-model-32\threading-multi\visibility-hidden\main-libzstd.o"  -Wl,-Bstatic  -Wl,-Bdynamic -llibzstd -Wl,--end-group -m32 -mthreads -g -fvisibility=hidden -fvisibility-inlines-hidden -march=i686 

...failed gcc.link bin.v2\standalone\ac\gcc-8.1.0\debug\address-model-32\threading-multi\visibility-hidden\libzstd.exe...
...failed updating 1 target...
...found 5 targets...
...updating 1 target...
gcc.link bin.v2\standalone\ac\gcc-8.1.0\debug\address-model-32\threading-multi\visibility-hidden\libzstd_static.exe
C:/Program Files (x86)/CodeBlocks/MinGW/bin/../lib/gcc/x86_64-w64-mingw32/8.1.0/../../../../x86_64-w64-mingw32/bin/ld.exe: cannot find -llibzstd_static
collect2.exe: error: ld returned 1 exit status

    "g++"    -o "bin.v2\standalone\ac\gcc-8.1.0\debug\address-model-32\threading-multi\visibility-hidden\libzstd_static.exe" -Wl,--start-group "bin.v2\standalone\ac\gcc-8.1.0\debug\address-model-32\threading-multi\visibility-hidden\main-libzstd_static.o"  -Wl,-Bstatic  -Wl,-Bdynamic -llibzstd_static -Wl,--end-group -m32 -mthreads -g -fvisibility=hidden -fvisibility-inlines-hidden -march=i686 

...failed gcc.link bin.v2\standalone\ac\gcc-8.1.0\debug\address-model-32\threading-multi\visibility-hidden\libzstd_static.exe...
...failed updating 1 target...
...found 2 targets...
...updating 1 target...
gcc.link bin.v2\standalone\ac\gcc-8.1.0\debug\address-model-32\link-static\threading-multi\visibility-hidden\zstd.exe
C:/Program Files (x86)/CodeBlocks/MinGW/bin/../lib/gcc/x86_64-w64-mingw32/8.1.0/../../../../x86_64-w64-mingw32/bin/ld.exe: cannot find -lzstd
collect2.exe: error: ld returned 1 exit status

    "g++"    -o "bin.v2\standalone\ac\gcc-8.1.0\debug\address-model-32\link-static\threading-multi\visibility-hidden\zstd.exe" -Wl,--start-group "bin.v2\standalone\ac\gcc-8.1.0\debug\address-model-32\link-static\threading-multi\visibility-hidden\main-zstd.o"  -Wl,-Bstatic -lzstd -Wl,-Bdynamic  -Wl,--end-group -m32 -mthreads -g -fvisibility=hidden -fvisibility-inlines-hidden -march=i686 

...failed gcc.link bin.v2\standalone\ac\gcc-8.1.0\debug\address-model-32\link-static\threading-multi\visibility-hidden\zstd.exe...
...failed updating 1 target...
...found 2 targets...
...updating 1 target...
gcc.link bin.v2\standalone\ac\gcc-8.1.0\debug\address-model-32\link-static\threading-multi\visibility-hidden\zstd_static.exe
C:/Program Files (x86)/CodeBlocks/MinGW/bin/../lib/gcc/x86_64-w64-mingw32/8.1.0/../../../../x86_64-w64-mingw32/bin/ld.exe: cannot find -lzstd_static
collect2.exe: error: ld returned 1 exit status

    "g++"    -o "bin.v2\standalone\ac\gcc-8.1.0\debug\address-model-32\link-static\threading-multi\visibility-hidden\zstd_static.exe" -Wl,--start-group "bin.v2\standalone\ac\gcc-8.1.0\debug\address-model-32\link-static\threading-multi\visibility-hidden\main-zstd_static.o"  -Wl,-Bstatic -lzstd_static -Wl,-Bdynamic  -Wl,--end-group -m32 -mthreads -g -fvisibility=hidden -fvisibility-inlines-hidden -march=i686 

...failed gcc.link bin.v2\standalone\ac\gcc-8.1.0\debug\address-model-32\link-static\threading-multi\visibility-hidden\zstd_static.exe...
...failed updating 1 target...
...found 2 targets...
...updating 1 target...
gcc.link bin.v2\standalone\ac\gcc-8.1.0\debug\address-model-32\link-static\threading-multi\visibility-hidden\libzstd.exe
C:/Program Files (x86)/CodeBlocks/MinGW/bin/../lib/gcc/x86_64-w64-mingw32/8.1.0/../../../../x86_64-w64-mingw32/bin/ld.exe: cannot find -llibzstd
collect2.exe: error: ld returned 1 exit status

    "g++"    -o "bin.v2\standalone\ac\gcc-8.1.0\debug\address-model-32\link-static\threading-multi\visibility-hidden\libzstd.exe" -Wl,--start-group "bin.v2\standalone\ac\gcc-8.1.0\debug\address-model-32\link-static\threading-multi\visibility-hidden\main-libzstd.o"  -Wl,-Bstatic -llibzstd -Wl,-Bdynamic  -Wl,--end-group -m32 -mthreads -g -fvisibility=hidden -fvisibility-inlines-hidden -march=i686 

...failed gcc.link bin.v2\standalone\ac\gcc-8.1.0\debug\address-model-32\link-static\threading-multi\visibility-hidden\libzstd.exe...
...failed updating 1 target...
...found 2 targets...
...updating 1 target...
gcc.link bin.v2\standalone\ac\gcc-8.1.0\debug\address-model-32\link-static\threading-multi\visibility-hidden\libzstd_static.exe
C:/Program Files (x86)/CodeBlocks/MinGW/bin/../lib/gcc/x86_64-w64-mingw32/8.1.0/../../../../x86_64-w64-mingw32/bin/ld.exe: cannot find -llibzstd_static
collect2.exe: error: ld returned 1 exit status

    "g++"    -o "bin.v2\standalone\ac\gcc-8.1.0\debug\address-model-32\link-static\threading-multi\visibility-hidden\libzstd_static.exe" -Wl,--start-group "bin.v2\standalone\ac\gcc-8.1.0\debug\address-model-32\link-static\threading-multi\visibility-hidden\main-libzstd_static.o"  -Wl,-Bstatic -llibzstd_static -Wl,-Bdynamic  -Wl,--end-group -m32 -mthreads -g -fvisibility=hidden -fvisibility-inlines-hidden -march=i686 

...failed gcc.link bin.v2\standalone\ac\gcc-8.1.0\debug\address-model-32\link-static\threading-multi\visibility-hidden\libzstd_static.exe...
...failed updating 1 target...
...found 11 targets...
...updating 2 targets...
gcc.compile.c++ bin.v2\libs\locale\build\gcc-8.1.0\debug\address-model-32\threading-multi\visibility-hidden\option.o
g++: error: unrecognized command line option '-shared-libstdc++'; did you mean '-static-libstdc++'?

    "g++"   -fvisibility-inlines-hidden -m32 -mthreads -O0 -fno-inline -Wall -g -fvisibility=hidden -march=i686 -shared-libgcc -shared-libstdc++ -DBOOST_ALL_NO_LIB=1  -I"." -c -o "bin.v2\libs\locale\build\gcc-8.1.0\debug\address-model-32\threading-multi\visibility-hidden\option.o" "libs\locale\src\..\build\option.cpp"

...failed gcc.compile.c++ bin.v2\libs\locale\build\gcc-8.1.0\debug\address-model-32\threading-multi\visibility-hidden\option.o...
...skipped <pbin.v2\libs\locale\build\gcc-8.1.0\debug\address-model-32\threading-multi\visibility-hidden>accepts_shared_option.exe for lack of <pbin.v2\libs\locale\build\gcc-8.1.0\debug\address-model-32\threading-multi\visibility-hidden>option.o...
...failed updating 1 target...
...skipped 1 target...
...found 3 targets...
...updating 1 target...
gcc.compile.c++ bin.v2\standalone\ac\gcc-8.1.0\debug\threading-multi\visibility-hidden\zlib_h.o
...updated 1 target...
...found 2 targets...
...updating 2 targets...
gcc.compile.c++ bin.v2\standalone\ac\gcc-8.1.0\debug\threading-multi\visibility-hidden\main-z.o
gcc.link bin.v2\standalone\ac\gcc-8.1.0\debug\threading-multi\visibility-hidden\z.exe
...updated 2 targets...
...found 1 target...
...updating 1 target...
gcc.compile.c++ bin.v2\standalone\ac\gcc-8.1.0\debug\threading-multi\visibility-hidden\bzlib_h.o
bin.v2\standalone\ac\bzlib_h.cpp:1:10: fatal error: bzlib.h: No such file or directory
 #include <bzlib.h>
          ^~~~~~~~~
compilation terminated.

    "g++"   -fvisibility-inlines-hidden -m64 -mthreads -O0 -fno-inline -Wall -g -fvisibility=hidden     -c -o "bin.v2\standalone\ac\gcc-8.1.0\debug\threading-multi\visibility-hidden\bzlib_h.o" "bin.v2\standalone\ac\bzlib_h.cpp"

...failed gcc.compile.c++ bin.v2\standalone\ac\gcc-8.1.0\debug\threading-multi\visibility-hidden\bzlib_h.o...
...failed updating 1 target...
...found 2 targets...
...updating 1 target...
gcc.link bin.v2\standalone\ac\gcc-8.1.0\debug\threading-multi\visibility-hidden\bz2.exe
C:/Program Files (x86)/CodeBlocks/MinGW/bin/../lib/gcc/x86_64-w64-mingw32/8.1.0/../../../../x86_64-w64-mingw32/bin/ld.exe: cannot find -lbz2
collect2.exe: error: ld returned 1 exit status

    "g++"    -o "bin.v2\standalone\ac\gcc-8.1.0\debug\threading-multi\visibility-hidden\bz2.exe" -Wl,--start-group "bin.v2\standalone\ac\gcc-8.1.0\debug\threading-multi\visibility-hidden\main-bz2.o"  -Wl,-Bstatic  -Wl,-Bdynamic -lbz2 -Wl,--end-group -m64 -mthreads -g -fvisibility=hidden -fvisibility-inlines-hidden 

...failed gcc.link bin.v2\standalone\ac\gcc-8.1.0\debug\threading-multi\visibility-hidden\bz2.exe...
...failed updating 1 target...
...found 5 targets...
...updating 1 target...
gcc.link bin.v2\standalone\ac\gcc-8.1.0\debug\link-static\threading-multi\visibility-hidden\bz2.exe
C:/Program Files (x86)/CodeBlocks/MinGW/bin/../lib/gcc/x86_64-w64-mingw32/8.1.0/../../../../x86_64-w64-mingw32/bin/ld.exe: cannot find -lbz2
collect2.exe: error: ld returned 1 exit status

    "g++"    -o "bin.v2\standalone\ac\gcc-8.1.0\debug\link-static\threading-multi\visibility-hidden\bz2.exe" -Wl,--start-group "bin.v2\standalone\ac\gcc-8.1.0\debug\link-static\threading-multi\visibility-hidden\main-bz2.o"  -Wl,-Bstatic -lbz2 -Wl,-Bdynamic  -Wl,--end-group -m64 -mthreads -g -fvisibility=hidden -fvisibility-inlines-hidden 

...failed gcc.link bin.v2\standalone\ac\gcc-8.1.0\debug\link-static\threading-multi\visibility-hidden\bz2.exe...
...failed updating 1 target...
...found 1 target...
...updating 1 target...
gcc.compile.c++ bin.v2\standalone\ac\gcc-8.1.0\debug\threading-multi\visibility-hidden\zstd_h.o
bin.v2\standalone\ac\zstd_h.cpp:1:10: fatal error: zstd.h: No such file or directory
 #include <zstd.h>
          ^~~~~~~~
compilation terminated.

    "g++"   -fvisibility-inlines-hidden -m64 -mthreads -O0 -fno-inline -Wall -g -fvisibility=hidden     -c -o "bin.v2\standalone\ac\gcc-8.1.0\debug\threading-multi\visibility-hidden\zstd_h.o" "bin.v2\standalone\ac\zstd_h.cpp"

...failed gcc.compile.c++ bin.v2\standalone\ac\gcc-8.1.0\debug\threading-multi\visibility-hidden\zstd_h.o...
...failed updating 1 target...
...found 2 targets...
...updating 1 target...
gcc.link bin.v2\standalone\ac\gcc-8.1.0\debug\threading-multi\visibility-hidden\zstd.exe
C:/Program Files (x86)/CodeBlocks/MinGW/bin/../lib/gcc/x86_64-w64-mingw32/8.1.0/../../../../x86_64-w64-mingw32/bin/ld.exe: cannot find -lzstd
collect2.exe: error: ld returned 1 exit status

    "g++"    -o "bin.v2\standalone\ac\gcc-8.1.0\debug\threading-multi\visibility-hidden\zstd.exe" -Wl,--start-group "bin.v2\standalone\ac\gcc-8.1.0\debug\threading-multi\visibility-hidden\main-zstd.o"  -Wl,-Bstatic  -Wl,-Bdynamic -lzstd -Wl,--end-group -m64 -mthreads -g -fvisibility=hidden -fvisibility-inlines-hidden 

...failed gcc.link bin.v2\standalone\ac\gcc-8.1.0\debug\threading-multi\visibility-hidden\zstd.exe...
...failed updating 1 target...
...found 2 targets...
...updating 1 target...
gcc.link bin.v2\standalone\ac\gcc-8.1.0\debug\threading-multi\visibility-hidden\zstd_static.exe
C:/Program Files (x86)/CodeBlocks/MinGW/bin/../lib/gcc/x86_64-w64-mingw32/8.1.0/../../../../x86_64-w64-mingw32/bin/ld.exe: cannot find -lzstd_static
collect2.exe: error: ld returned 1 exit status

    "g++"    -o "bin.v2\standalone\ac\gcc-8.1.0\debug\threading-multi\visibility-hidden\zstd_static.exe" -Wl,--start-group "bin.v2\standalone\ac\gcc-8.1.0\debug\threading-multi\visibility-hidden\main-zstd_static.o"  -Wl,-Bstatic  -Wl,-Bdynamic -lzstd_static -Wl,--end-group -m64 -mthreads -g -fvisibility=hidden -fvisibility-inlines-hidden 

...failed gcc.link bin.v2\standalone\ac\gcc-8.1.0\debug\threading-multi\visibility-hidden\zstd_static.exe...
...failed updating 1 target...
...found 2 targets...
...updating 1 target...
gcc.link bin.v2\standalone\ac\gcc-8.1.0\debug\threading-multi\visibility-hidden\libzstd.exe
C:/Program Files (x86)/CodeBlocks/MinGW/bin/../lib/gcc/x86_64-w64-mingw32/8.1.0/../../../../x86_64-w64-mingw32/bin/ld.exe: cannot find -llibzstd
collect2.exe: error: ld returned 1 exit status

    "g++"    -o "bin.v2\standalone\ac\gcc-8.1.0\debug\threading-multi\visibility-hidden\libzstd.exe" -Wl,--start-group "bin.v2\standalone\ac\gcc-8.1.0\debug\threading-multi\visibility-hidden\main-libzstd.o"  -Wl,-Bstatic  -Wl,-Bdynamic -llibzstd -Wl,--end-group -m64 -mthreads -g -fvisibility=hidden -fvisibility-inlines-hidden 

...failed gcc.link bin.v2\standalone\ac\gcc-8.1.0\debug\threading-multi\visibility-hidden\libzstd.exe...
...failed updating 1 target...
...found 2 targets...
...updating 1 target...
gcc.link bin.v2\standalone\ac\gcc-8.1.0\debug\threading-multi\visibility-hidden\libzstd_static.exe
C:/Program Files (x86)/CodeBlocks/MinGW/bin/../lib/gcc/x86_64-w64-mingw32/8.1.0/../../../../x86_64-w64-mingw32/bin/ld.exe: cannot find -llibzstd_static
collect2.exe: error: ld returned 1 exit status

    "g++"    -o "bin.v2\standalone\ac\gcc-8.1.0\debug\threading-multi\visibility-hidden\libzstd_static.exe" -Wl,--start-group "bin.v2\standalone\ac\gcc-8.1.0\debug\threading-multi\visibility-hidden\main-libzstd_static.o"  -Wl,-Bstatic  -Wl,-Bdynamic -llibzstd_static -Wl,--end-group -m64 -mthreads -g -fvisibility=hidden -fvisibility-inlines-hidden 

...failed gcc.link bin.v2\standalone\ac\gcc-8.1.0\debug\threading-multi\visibility-hidden\libzstd_static.exe...
...failed updating 1 target...
...found 2 targets...
...updating 1 target...
gcc.link bin.v2\standalone\ac\gcc-8.1.0\debug\link-static\threading-multi\visibility-hidden\zstd.exe
C:/Program Files (x86)/CodeBlocks/MinGW/bin/../lib/gcc/x86_64-w64-mingw32/8.1.0/../../../../x86_64-w64-mingw32/bin/ld.exe: cannot find -lzstd
collect2.exe: error: ld returned 1 exit status

    "g++"    -o "bin.v2\standalone\ac\gcc-8.1.0\debug\link-static\threading-multi\visibility-hidden\zstd.exe" -Wl,--start-group "bin.v2\standalone\ac\gcc-8.1.0\debug\link-static\threading-multi\visibility-hidden\main-zstd.o"  -Wl,-Bstatic -lzstd -Wl,-Bdynamic  -Wl,--end-group -m64 -mthreads -g -fvisibility=hidden -fvisibility-inlines-hidden 

...failed gcc.link bin.v2\standalone\ac\gcc-8.1.0\debug\link-static\threading-multi\visibility-hidden\zstd.exe...
...failed updating 1 target...
...found 2 targets...
...updating 1 target...
gcc.link bin.v2\standalone\ac\gcc-8.1.0\debug\link-static\threading-multi\visibility-hidden\zstd_static.exe
C:/Program Files (x86)/CodeBlocks/MinGW/bin/../lib/gcc/x86_64-w64-mingw32/8.1.0/../../../../x86_64-w64-mingw32/bin/ld.exe: cannot find -lzstd_static
collect2.exe: error: ld returned 1 exit status

    "g++"    -o "bin.v2\standalone\ac\gcc-8.1.0\debug\link-static\threading-multi\visibility-hidden\zstd_static.exe" -Wl,--start-group "bin.v2\standalone\ac\gcc-8.1.0\debug\link-static\threading-multi\visibility-hidden\main-zstd_static.o"  -Wl,-Bstatic -lzstd_static -Wl,-Bdynamic  -Wl,--end-group -m64 -mthreads -g -fvisibility=hidden -fvisibility-inlines-hidden 

...failed gcc.link bin.v2\standalone\ac\gcc-8.1.0\debug\link-static\threading-multi\visibility-hidden\zstd_static.exe...
...failed updating 1 target...
...found 2 targets...
...updating 1 target...
gcc.link bin.v2\standalone\ac\gcc-8.1.0\debug\link-static\threading-multi\visibility-hidden\libzstd.exe
C:/Program Files (x86)/CodeBlocks/MinGW/bin/../lib/gcc/x86_64-w64-mingw32/8.1.0/../../../../x86_64-w64-mingw32/bin/ld.exe: cannot find -llibzstd
collect2.exe: error: ld returned 1 exit status

    "g++"    -o "bin.v2\standalone\ac\gcc-8.1.0\debug\link-static\threading-multi\visibility-hidden\libzstd.exe" -Wl,--start-group "bin.v2\standalone\ac\gcc-8.1.0\debug\link-static\threading-multi\visibility-hidden\main-libzstd.o"  -Wl,-Bstatic -llibzstd -Wl,-Bdynamic  -Wl,--end-group -m64 -mthreads -g -fvisibility=hidden -fvisibility-inlines-hidden 

...failed gcc.link bin.v2\standalone\ac\gcc-8.1.0\debug\link-static\threading-multi\visibility-hidden\libzstd.exe...
...failed updating 1 target...
...found 2 targets...
...updating 1 target...
gcc.link bin.v2\standalone\ac\gcc-8.1.0\debug\link-static\threading-multi\visibility-hidden\libzstd_static.exe
C:/Program Files (x86)/CodeBlocks/MinGW/bin/../lib/gcc/x86_64-w64-mingw32/8.1.0/../../../../x86_64-w64-mingw32/bin/ld.exe: cannot find -llibzstd_static
collect2.exe: error: ld returned 1 exit status

    "g++"    -o "bin.v2\standalone\ac\gcc-8.1.0\debug\link-static\threading-multi\visibility-hidden\libzstd_static.exe" -Wl,--start-group "bin.v2\standalone\ac\gcc-8.1.0\debug\link-static\threading-multi\visibility-hidden\main-libzstd_static.o"  -Wl,-Bstatic -llibzstd_static -Wl,-Bdynamic  -Wl,--end-group -m64 -mthreads -g -fvisibility=hidden -fvisibility-inlines-hidden 

...failed gcc.link bin.v2\standalone\ac\gcc-8.1.0\debug\link-static\threading-multi\visibility-hidden\libzstd_static.exe...
...failed updating 1 target...
...found 4 targets...
...updating 2 targets...
gcc.compile.c++ bin.v2\libs\locale\build\gcc-8.1.0\debug\threading-multi\visibility-hidden\option.o
g++: error: unrecognized command line option '-shared-libstdc++'; did you mean '-static-libstdc++'?

    "g++"   -fvisibility-inlines-hidden -m64 -mthreads -O0 -fno-inline -Wall -g -fvisibility=hidden -shared-libgcc -shared-libstdc++ -DBOOST_ALL_NO_LIB=1  -I"." -c -o "bin.v2\libs\locale\build\gcc-8.1.0\debug\threading-multi\visibility-hidden\option.o" "libs\locale\src\..\build\option.cpp"

...failed gcc.compile.c++ bin.v2\libs\locale\build\gcc-8.1.0\debug\threading-multi\visibility-hidden\option.o...
...skipped <pbin.v2\libs\locale\build\gcc-8.1.0\debug\threading-multi\visibility-hidden>accepts_shared_option.exe for lack of <pbin.v2\libs\locale\build\gcc-8.1.0\debug\threading-multi\visibility-hidden>option.o...
...failed updating 1 target...
...skipped 1 target...
...found 1 target...
...updating 1 target...
config-cache.write bin.v2\project-cache.jam
...updated 1 target...
